<?xml version="1.0" encoding="UTF-8"?>
<!-- Generated by org.testng.reporters.JUnitReportReporter -->
<testsuite skipped="0" hostname="LAPTOP-601OB7PA" name="com.java.selenium.DataProviderTestNG" tests="2" failures="0" timestamp="27 Aug 2018 15:43:11 GMT" time="0.011" errors="0">
  <testcase name="man" time="0.005" classname="com.java.selenium.DataProviderTestNG"/>
  <testcase name="man" time="0.006" classname="com.java.selenium.DataProviderTestNG"/>
</testsuite> <!-- com.java.selenium.DataProviderTestNG -->
