<?xml version="1.0" encoding="UTF-8"?>
<!-- Generated by org.testng.reporters.JUnitReportReporter -->
<testsuite skipped="0" hostname="LAPTOP-601OB7PA" name="com.java.selenium.TestNGAnnotation" tests="2" failures="0" timestamp="27 Aug 2018 15:43:11 GMT" time="0.012" errors="0">
  <testcase name="test10" time="0.003" classname="com.java.selenium.TestNGAnnotation"/>
  <testcase name="test9" time="0.009" classname="com.java.selenium.TestNGAnnotation"/>
</testsuite> <!-- com.java.selenium.TestNGAnnotation -->
